<?xml version="1.0" encoding="UTF-8"?>
<testng-results skipped="1" failed="1" ignored="0" total="6" passed="4">
  <reporter-output>
  </reporter-output>
  <suite name="Default suite" duration-ms="79256" started-at="2021-07-26T17:42:07 IST" finished-at="2021-07-26T17:43:26 IST">
    <groups>
      <group name="UserProfile">
        <method signature="GoogleTest.googleLogoTest()[pri:2, instance:com.test.GoogleTest@7f13d6e]" name="googleLogoTest" class="com.test.GoogleTest"/>
      </group> <!-- UserProfile -->
      <group name="EvenList">
        <method signature="GoogleTest.EvenList()[pri:4, instance:com.test.GoogleTest@7f13d6e]" name="EvenList" class="com.test.GoogleTest"/>
        <method signature="GoogleTest.googlMailLinkTest()[pri:4, instance:com.test.GoogleTest@7f13d6e]" name="googlMailLinkTest" class="com.test.GoogleTest"/>
      </group> <!-- EvenList -->
      <group name="LoginPage">
        <method signature="GoogleTest.googleTitleTest()[pri:1, instance:com.test.GoogleTest@7f13d6e]" name="googleTitleTest" class="com.test.GoogleTest"/>
      </group> <!-- LoginPage -->
      <group name="EventDetails">
        <method signature="GoogleTest.EventDetails()[pri:3, instance:com.test.GoogleTest@7f13d6e]" name="EventDetails" class="com.test.GoogleTest"/>
        <method signature="GoogleTest.googlSignInLinkTest()[pri:3, instance:com.test.GoogleTest@7f13d6e]" name="googlSignInLinkTest" class="com.test.GoogleTest"/>
      </group> <!-- EventDetails -->
    </groups>
    <test name="Default test" duration-ms="79256" started-at="2021-07-26T17:42:07 IST" finished-at="2021-07-26T17:43:26 IST">
      <class name="com.test.GoogleTest">
        <test-method status="PASS" signature="setUp()[pri:0, instance:com.test.GoogleTest@7f13d6e]" name="setUp" is-config="true" duration-ms="9267" started-at="2021-07-26T17:42:07 IST" finished-at="2021-07-26T17:42:16 IST">
          <reporter-output>
          </reporter-output>
        </test-method> <!-- setUp -->
        <test-method status="FAIL" signature="googleTitleTest()[pri:1, instance:com.test.GoogleTest@7f13d6e]" name="googleTitleTest" duration-ms="30442" started-at="2021-07-26T17:42:16 IST" finished-at="2021-07-26T17:42:46 IST">
          <exception class="org.openqa.selenium.NoSuchElementException">
            <message>
              <![CDATA[Unable to locate element: //a[@aria-label='Googleee apps']//*[local-name()='svg']
For documentation on this error, please visit: https://www.seleniumhq.org/exceptions/no_such_element.html
Build info: version: '3.141.59', revision: 'e82be7d358', time: '2018-11-14T08:25:53'
System info: host: 'JAGADISHLAPTOP', ip: '192.168.1.51', os.name: 'Windows 10', os.arch: 'amd64', os.version: '10.0', java.version: '1.8.0_291'
Driver info: org.openqa.selenium.firefox.FirefoxDriver
Capabilities {acceptInsecureCerts: true, browserName: firefox, browserVersion: 90.0.2, javascriptEnabled: true, moz:accessibilityChecks: false, moz:buildID: 20210721174149, moz:geckodriverVersion: 0.29.1, moz:headless: false, moz:processID: 12956, moz:profile: C:\Users\Jagadish\AppData\L..., moz:shutdownTimeout: 60000, moz:useNonSpecCompliantPointerOrigin: false, moz:webdriverClick: true, pageLoadStrategy: normal, platform: WINDOWS, platformName: WINDOWS, platformVersion: 10.0, proxy: Proxy(), setWindowRect: true, strictFileInteractability: false, timeouts: {implicit: 0, pageLoad: 300000, script: 30000}, unhandledPromptBehavior: dismiss and notify}
Session ID: f1bcd019-d3c8-4e92-8489-f69dc1589c73
*** Element info: {Using=xpath, value=//a[@aria-label='Googleee apps']//*[local-name()='svg']}]]>
            </message>
            <full-stacktrace>
              <![CDATA[org.openqa.selenium.NoSuchElementException: Unable to locate element: //a[@aria-label='Googleee apps']//*[local-name()='svg']
For documentation on this error, please visit: https://www.seleniumhq.org/exceptions/no_such_element.html
Build info: version: '3.141.59', revision: 'e82be7d358', time: '2018-11-14T08:25:53'
System info: host: 'JAGADISHLAPTOP', ip: '192.168.1.51', os.name: 'Windows 10', os.arch: 'amd64', os.version: '10.0', java.version: '1.8.0_291'
Driver info: org.openqa.selenium.firefox.FirefoxDriver
Capabilities {acceptInsecureCerts: true, browserName: firefox, browserVersion: 90.0.2, javascriptEnabled: true, moz:accessibilityChecks: false, moz:buildID: 20210721174149, moz:geckodriverVersion: 0.29.1, moz:headless: false, moz:processID: 12956, moz:profile: C:\Users\Jagadish\AppData\L..., moz:shutdownTimeout: 60000, moz:useNonSpecCompliantPointerOrigin: false, moz:webdriverClick: true, pageLoadStrategy: normal, platform: WINDOWS, platformName: WINDOWS, platformVersion: 10.0, proxy: Proxy(), setWindowRect: true, strictFileInteractability: false, timeouts: {implicit: 0, pageLoad: 300000, script: 30000}, unhandledPromptBehavior: dismiss and notify}
Session ID: f1bcd019-d3c8-4e92-8489-f69dc1589c73
*** Element info: {Using=xpath, value=//a[@aria-label='Googleee apps']//*[local-name()='svg']}
at sun.reflect.NativeConstructorAccessorImpl.newInstance0(Native Method)
at sun.reflect.NativeConstructorAccessorImpl.newInstance(Unknown Source)
at sun.reflect.DelegatingConstructorAccessorImpl.newInstance(Unknown Source)
at java.lang.reflect.Constructor.newInstance(Unknown Source)
at org.openqa.selenium.remote.http.W3CHttpResponseCodec.createException(W3CHttpResponseCodec.java:187)
at org.openqa.selenium.remote.http.W3CHttpResponseCodec.decode(W3CHttpResponseCodec.java:122)
at org.openqa.selenium.remote.http.W3CHttpResponseCodec.decode(W3CHttpResponseCodec.java:49)
at org.openqa.selenium.remote.HttpCommandExecutor.execute(HttpCommandExecutor.java:158)
at org.openqa.selenium.remote.service.DriverCommandExecutor.execute(DriverCommandExecutor.java:83)
at org.openqa.selenium.remote.RemoteWebDriver.execute(RemoteWebDriver.java:552)
at org.openqa.selenium.remote.RemoteWebDriver.findElement(RemoteWebDriver.java:323)
at org.openqa.selenium.remote.RemoteWebDriver.findElementByXPath(RemoteWebDriver.java:428)
at org.openqa.selenium.By$ByXPath.findElement(By.java:353)
at org.openqa.selenium.remote.RemoteWebDriver.findElement(RemoteWebDriver.java:315)
at com.test.GoogleTest.googleTitleTest(GoogleTest.java:33)
at sun.reflect.NativeMethodAccessorImpl.invoke0(Native Method)
at sun.reflect.NativeMethodAccessorImpl.invoke(Unknown Source)
at sun.reflect.DelegatingMethodAccessorImpl.invoke(Unknown Source)
at java.lang.reflect.Method.invoke(Unknown Source)
at org.testng.internal.MethodInvocationHelper.invokeMethod(MethodInvocationHelper.java:133)
at org.testng.internal.TestInvoker.invokeMethod(TestInvoker.java:598)
at org.testng.internal.TestInvoker.invokeTestMethod(TestInvoker.java:173)
at org.testng.internal.MethodRunner.runInSequence(MethodRunner.java:46)
at org.testng.internal.TestInvoker$MethodInvocationAgent.invoke(TestInvoker.java:824)
at org.testng.internal.TestInvoker.invokeTestMethods(TestInvoker.java:146)
at org.testng.internal.TestMethodWorker.invokeTestMethods(TestMethodWorker.java:146)
at org.testng.internal.TestMethodWorker.run(TestMethodWorker.java:128)
at java.util.ArrayList.forEach(Unknown Source)
at org.testng.TestRunner.privateRun(TestRunner.java:794)
at org.testng.TestRunner.run(TestRunner.java:596)
at org.testng.SuiteRunner.runTest(SuiteRunner.java:377)
at org.testng.SuiteRunner.runSequentially(SuiteRunner.java:371)
at org.testng.SuiteRunner.privateRun(SuiteRunner.java:332)
at org.testng.SuiteRunner.run(SuiteRunner.java:276)
at org.testng.SuiteRunnerWorker.runSuite(SuiteRunnerWorker.java:53)
at org.testng.SuiteRunnerWorker.run(SuiteRunnerWorker.java:96)
at org.testng.TestNG.runSuitesSequentially(TestNG.java:1212)
at org.testng.TestNG.runSuitesLocally(TestNG.java:1134)
at org.testng.TestNG.runSuites(TestNG.java:1063)
at org.testng.TestNG.run(TestNG.java:1031)
at org.testng.remote.AbstractRemoteTestNG.run(AbstractRemoteTestNG.java:115)
at org.testng.remote.RemoteTestNG.initAndRun(RemoteTestNG.java:251)
at org.testng.remote.RemoteTestNG.main(RemoteTestNG.java:77)
]]>
            </full-stacktrace>
          </exception> <!-- org.openqa.selenium.NoSuchElementException -->
          <reporter-output>
          </reporter-output>
        </test-method> <!-- googleTitleTest -->
        <test-method status="PASS" signature="tearDown()[pri:0, instance:com.test.GoogleTest@7f13d6e]" name="tearDown" is-config="true" duration-ms="755" started-at="2021-07-26T17:42:46 IST" finished-at="2021-07-26T17:42:47 IST">
          <reporter-output>
          </reporter-output>
        </test-method> <!-- tearDown -->
        <test-method status="SKIP" signature="googleLogoTest()[pri:2, instance:com.test.GoogleTest@7f13d6e]" name="googleLogoTest" duration-ms="0" started-at="2021-07-26T17:42:47 IST" depends-on-methods="com.test.GoogleTest.googleTitleTest" finished-at="2021-07-26T17:42:47 IST">
          <exception class="java.lang.Throwable">
            <message>
              <![CDATA[Method GoogleTest.googleLogoTest()[pri:2, instance:com.test.GoogleTest@7f13d6e] depends on not successfully finished methods]]>
            </message>
            <full-stacktrace>
              <![CDATA[java.lang.Throwable: Method GoogleTest.googleLogoTest()[pri:2, instance:com.test.GoogleTest@7f13d6e] depends on not successfully finished methods
at org.testng.internal.TestInvoker.invokeTestMethods(TestInvoker.java:102)
at org.testng.internal.TestMethodWorker.invokeTestMethods(TestMethodWorker.java:146)
at org.testng.internal.TestMethodWorker.run(TestMethodWorker.java:128)
at java.util.ArrayList.forEach(Unknown Source)
at org.testng.TestRunner.privateRun(TestRunner.java:794)
at org.testng.TestRunner.run(TestRunner.java:596)
at org.testng.SuiteRunner.runTest(SuiteRunner.java:377)
at org.testng.SuiteRunner.runSequentially(SuiteRunner.java:371)
at org.testng.SuiteRunner.privateRun(SuiteRunner.java:332)
at org.testng.SuiteRunner.run(SuiteRunner.java:276)
at org.testng.SuiteRunnerWorker.runSuite(SuiteRunnerWorker.java:53)
at org.testng.SuiteRunnerWorker.run(SuiteRunnerWorker.java:96)
at org.testng.TestNG.runSuitesSequentially(TestNG.java:1212)
at org.testng.TestNG.runSuitesLocally(TestNG.java:1134)
at org.testng.TestNG.runSuites(TestNG.java:1063)
at org.testng.TestNG.run(TestNG.java:1031)
at org.testng.remote.AbstractRemoteTestNG.run(AbstractRemoteTestNG.java:115)
at org.testng.remote.RemoteTestNG.initAndRun(RemoteTestNG.java:251)
at org.testng.remote.RemoteTestNG.main(RemoteTestNG.java:77)
]]>
            </full-stacktrace>
          </exception> <!-- java.lang.Throwable -->
          <reporter-output>
          </reporter-output>
        </test-method> <!-- googleLogoTest -->
        <test-method status="PASS" signature="setUp()[pri:0, instance:com.test.GoogleTest@7f13d6e]" name="setUp" is-config="true" duration-ms="8004" started-at="2021-07-26T17:42:47 IST" finished-at="2021-07-26T17:42:55 IST">
          <reporter-output>
          </reporter-output>
        </test-method> <!-- setUp -->
        <test-method status="PASS" signature="EventDetails()[pri:3, instance:com.test.GoogleTest@7f13d6e]" name="EventDetails" duration-ms="136" started-at="2021-07-26T17:42:55 IST" finished-at="2021-07-26T17:42:55 IST">
          <reporter-output>
          </reporter-output>
        </test-method> <!-- EventDetails -->
        <test-method status="PASS" signature="tearDown()[pri:0, instance:com.test.GoogleTest@7f13d6e]" name="tearDown" is-config="true" duration-ms="1095" started-at="2021-07-26T17:42:55 IST" finished-at="2021-07-26T17:42:56 IST">
          <reporter-output>
          </reporter-output>
        </test-method> <!-- tearDown -->
        <test-method status="PASS" signature="setUp()[pri:0, instance:com.test.GoogleTest@7f13d6e]" name="setUp" is-config="true" duration-ms="8835" started-at="2021-07-26T17:42:56 IST" finished-at="2021-07-26T17:43:05 IST">
          <reporter-output>
          </reporter-output>
        </test-method> <!-- setUp -->
        <test-method status="PASS" signature="googlSignInLinkTest()[pri:3, instance:com.test.GoogleTest@7f13d6e]" name="googlSignInLinkTest" duration-ms="142" started-at="2021-07-26T17:43:05 IST" finished-at="2021-07-26T17:43:05 IST">
          <reporter-output>
          </reporter-output>
        </test-method> <!-- googlSignInLinkTest -->
        <test-method status="PASS" signature="tearDown()[pri:0, instance:com.test.GoogleTest@7f13d6e]" name="tearDown" is-config="true" duration-ms="1250" started-at="2021-07-26T17:43:05 IST" finished-at="2021-07-26T17:43:07 IST">
          <reporter-output>
          </reporter-output>
        </test-method> <!-- tearDown -->
        <test-method status="PASS" signature="setUp()[pri:0, instance:com.test.GoogleTest@7f13d6e]" name="setUp" is-config="true" duration-ms="8536" started-at="2021-07-26T17:43:07 IST" finished-at="2021-07-26T17:43:15 IST">
          <reporter-output>
          </reporter-output>
        </test-method> <!-- setUp -->
        <test-method status="PASS" signature="EvenList()[pri:4, instance:com.test.GoogleTest@7f13d6e]" name="EvenList" duration-ms="99" started-at="2021-07-26T17:43:15 IST" finished-at="2021-07-26T17:43:15 IST">
          <reporter-output>
          </reporter-output>
        </test-method> <!-- EvenList -->
        <test-method status="PASS" signature="tearDown()[pri:0, instance:com.test.GoogleTest@7f13d6e]" name="tearDown" is-config="true" duration-ms="1102" started-at="2021-07-26T17:43:15 IST" finished-at="2021-07-26T17:43:16 IST">
          <reporter-output>
          </reporter-output>
        </test-method> <!-- tearDown -->
        <test-method status="PASS" signature="setUp()[pri:0, instance:com.test.GoogleTest@7f13d6e]" name="setUp" is-config="true" duration-ms="8367" started-at="2021-07-26T17:43:16 IST" finished-at="2021-07-26T17:43:25 IST">
          <reporter-output>
          </reporter-output>
        </test-method> <!-- setUp -->
        <test-method status="PASS" signature="googlMailLinkTest()[pri:4, instance:com.test.GoogleTest@7f13d6e]" name="googlMailLinkTest" duration-ms="70" started-at="2021-07-26T17:43:25 IST" finished-at="2021-07-26T17:43:25 IST">
          <reporter-output>
          </reporter-output>
        </test-method> <!-- googlMailLinkTest -->
        <test-method status="PASS" signature="tearDown()[pri:0, instance:com.test.GoogleTest@7f13d6e]" name="tearDown" is-config="true" duration-ms="1069" started-at="2021-07-26T17:43:25 IST" finished-at="2021-07-26T17:43:26 IST">
          <reporter-output>
          </reporter-output>
        </test-method> <!-- tearDown -->
      </class> <!-- com.test.GoogleTest -->
    </test> <!-- Default test -->
  </suite> <!-- Default suite -->
</testng-results>
